<?xml version="1.0" encoding="UTF-8"?>
<testng-results ignored="0" total="1" passed="1" failed="0" skipped="0">
  <reporter-output>
  </reporter-output>
  <suite started-at="2025-04-18T23:06:06 SAST" name="Default suite" finished-at="2025-04-18T23:06:49 SAST" duration-ms="43254">
    <groups>
    </groups>
    <test started-at="2025-04-18T23:06:06 SAST" name="Default test" finished-at="2025-04-18T23:06:49 SAST" duration-ms="43254">
      <class name="com.pom.selenium.testNG.amazon.PomTestNGTester">
        <test-method is-config="true" signature="startDriver()[pri:0, instance:com.pom.selenium.testNG.amazon.PomTestNGTester@dd05255]" started-at="2025-04-18T23:05:59 SAST" name="startDriver" finished-at="2025-04-18T23:06:06 SAST" duration-ms="6752" status="PASS">
          <reporter-output>
          </reporter-output>
        </test-method> <!-- startDriver -->
        <test-method signature="searchSmegKettle()[pri:0, instance:com.pom.selenium.testNG.amazon.PomTestNGTester@dd05255]" started-at="2025-04-18T23:06:06 SAST" name="searchSmegKettle" finished-at="2025-04-18T23:06:49 SAST" duration-ms="43211" status="PASS">
          <reporter-output>
          </reporter-output>
        </test-method> <!-- searchSmegKettle -->
        <test-method is-config="true" signature="tearDown()[pri:0, instance:com.pom.selenium.testNG.amazon.PomTestNGTester@dd05255]" started-at="2025-04-18T23:06:49 SAST" name="tearDown" finished-at="2025-04-18T23:06:53 SAST" duration-ms="3352" status="PASS">
          <reporter-output>
          </reporter-output>
        </test-method> <!-- tearDown -->
      </class> <!-- com.pom.selenium.testNG.amazon.PomTestNGTester -->
    </test> <!-- Default test -->
  </suite> <!-- Default suite -->
</testng-results>
